[2019-06-25 14:33:30.781] [exthost] [info] extension host started
[2019-06-25 14:33:30.801] [exthost] [info] ExtensionService#_doActivateExtension vscode.debug-auto-launch {"startup":true,"activationEvent":"*"}
[2019-06-25 14:33:30.801] [exthost] [info] ExtensionService#loadCommonJSModule /usr/share/code/resources/app/extensions/debug-auto-launch/dist/extension
[2019-06-25 14:33:30.805] [exthost] [info] ExtensionService#_doActivateExtension vscode.emmet {"startup":true,"activationEvent":"*"}
[2019-06-25 14:33:30.805] [exthost] [info] ExtensionService#loadCommonJSModule /usr/share/code/resources/app/extensions/emmet/dist/extension
[2019-06-25 14:33:30.822] [exthost] [info] ExtensionService#_doActivateExtension vscode.git {"startup":true,"activationEvent":"*"}
[2019-06-25 14:33:30.822] [exthost] [info] ExtensionService#loadCommonJSModule /usr/share/code/resources/app/extensions/git/dist/main
[2019-06-25 14:33:30.947] [exthost] [info] ExtensionService#_doActivateExtension vscode.merge-conflict {"startup":true,"activationEvent":"*"}
[2019-06-25 14:33:30.947] [exthost] [info] ExtensionService#loadCommonJSModule /usr/share/code/resources/app/extensions/merge-conflict/dist/extension
[2019-06-25 14:33:30.954] [exthost] [info] ExtensionService#_doActivateExtension bestvow.css-compressor {"startup":true,"activationEvent":"*"}
[2019-06-25 14:33:30.954] [exthost] [info] ExtensionService#loadCommonJSModule /root/.vscode/extensions/bestvow.css-compressor-0.0.2/out/extension
[2019-06-25 14:33:31.061] [exthost] [info] ExtensionService#_doActivateExtension pranaygp.vscode-css-peek {"startup":true,"activationEvent":"*"}
[2019-06-25 14:33:31.061] [exthost] [info] ExtensionService#loadCommonJSModule /root/.vscode/extensions/pranaygp.vscode-css-peek-2.2.0/out/client/src/extension
[2019-06-25 14:33:31.104] [exthost] [info] ExtensionService#_doActivateExtension Zignd.html-css-class-completion {"startup":true,"activationEvent":"*"}
[2019-06-25 14:33:31.104] [exthost] [info] ExtensionService#loadCommonJSModule /root/.vscode/extensions/zignd.html-css-class-completion-1.19.0/out/src/extension
[2019-06-25 14:33:31.560] [exthost] [info] eager extensions activated
[2019-06-25 14:34:05.241] [exthost] [info] extension host started
[2019-06-25 14:34:05.352] [exthost] [info] ExtensionService#_doActivateExtension vscode.debug-auto-launch {"startup":true,"activationEvent":"*"}
[2019-06-25 14:34:05.355] [exthost] [info] ExtensionService#loadCommonJSModule /usr/share/code/resources/app/extensions/debug-auto-launch/dist/extension
[2019-06-25 14:34:05.369] [exthost] [info] ExtensionService#_doActivateExtension vscode.emmet {"startup":true,"activationEvent":"*"}
[2019-06-25 14:34:05.369] [exthost] [info] ExtensionService#loadCommonJSModule /usr/share/code/resources/app/extensions/emmet/dist/extension
[2019-06-25 14:34:05.438] [exthost] [info] ExtensionService#_doActivateExtension vscode.git {"startup":true,"activationEvent":"*"}
[2019-06-25 14:34:05.439] [exthost] [info] ExtensionService#loadCommonJSModule /usr/share/code/resources/app/extensions/git/dist/main
[2019-06-25 14:34:05.775] [exthost] [info] ExtensionService#_doActivateExtension vscode.merge-conflict {"startup":true,"activationEvent":"*"}
[2019-06-25 14:34:05.775] [exthost] [info] ExtensionService#loadCommonJSModule /usr/share/code/resources/app/extensions/merge-conflict/dist/extension
[2019-06-25 14:34:05.781] [exthost] [info] ExtensionService#_doActivateExtension bestvow.css-compressor {"startup":true,"activationEvent":"*"}
[2019-06-25 14:34:05.781] [exthost] [info] ExtensionService#loadCommonJSModule /root/.vscode/extensions/bestvow.css-compressor-0.0.2/out/extension
[2019-06-25 14:34:05.883] [exthost] [info] ExtensionService#_doActivateExtension pranaygp.vscode-css-peek {"startup":true,"activationEvent":"*"}
[2019-06-25 14:34:05.883] [exthost] [info] ExtensionService#loadCommonJSModule /root/.vscode/extensions/pranaygp.vscode-css-peek-2.2.0/out/client/src/extension
[2019-06-25 14:34:05.955] [exthost] [info] ExtensionService#_doActivateExtension Zignd.html-css-class-completion {"startup":true,"activationEvent":"*"}
[2019-06-25 14:34:05.955] [exthost] [info] ExtensionService#loadCommonJSModule /root/.vscode/extensions/zignd.html-css-class-completion-1.19.0/out/src/extension
[2019-06-25 14:34:08.115] [exthost] [info] ExtensionService#_doActivateExtension felixfbecker.php-intellisense {"startup":true,"activationEvent":"workspaceContains:**/*.php"}
[2019-06-25 14:34:08.115] [exthost] [info] ExtensionService#loadCommonJSModule /root/.vscode/extensions/felixfbecker.php-intellisense-2.3.10/out/extension
[2019-06-25 14:34:08.588] [exthost] [info] eager extensions activated
[2019-06-25 14:34:21.607] [exthost] [info] ExtensionService#_doActivateExtension vscode.php-language-features {"startup":false,"activationEvent":"onLanguage:php"}
[2019-06-25 14:34:21.609] [exthost] [info] ExtensionService#loadCommonJSModule /usr/share/code/resources/app/extensions/php-language-features/dist/phpMain
[2019-06-25 14:34:21.655] [exthost] [info] ExtensionService#_doActivateExtension bmewburn.vscode-intelephense-client {"startup":false,"activationEvent":"onLanguage:php"}
[2019-06-25 14:34:21.657] [exthost] [info] ExtensionService#loadCommonJSModule /root/.vscode/extensions/bmewburn.vscode-intelephense-client-1.0.14/out/extension
[2019-06-25 14:34:22.210] [exthost] [info] ExtensionService#_doActivateExtension ecmel.vscode-html-css {"startup":false,"activationEvent":"onLanguage:php"}
[2019-06-25 14:34:22.210] [exthost] [info] ExtensionService#loadCommonJSModule /root/.vscode/extensions/ecmel.vscode-html-css-0.2.0/out/src/extension
[2019-06-25 14:34:24.339] [exthost] [info] ExtensionService#_doActivateExtension ikappas.phpcs {"startup":false,"activationEvent":"onLanguage:php"}
[2019-06-25 14:34:24.347] [exthost] [info] ExtensionService#loadCommonJSModule /root/.vscode/extensions/ikappas.phpcs-1.0.5/out/src/extension
[2019-06-25 14:34:25.238] [exthost] [info] ExtensionService#_doActivateExtension neilbrayfield.php-docblocker {"startup":false,"activationEvent":"onLanguage:php"}
[2019-06-25 14:34:25.238] [exthost] [info] ExtensionService#loadCommonJSModule /root/.vscode/extensions/neilbrayfield.php-docblocker-1.8.0/out/src/extension
[2019-06-25 14:34:25.319] [exthost] [info] ExtensionService#_doActivateExtension rifi2k.format-html-in-php {"startup":false,"activationEvent":"onLanguage:php"}
[2019-06-25 14:34:25.332] [exthost] [info] ExtensionService#loadCommonJSModule /root/.vscode/extensions/rifi2k.format-html-in-php-1.5.3/out/extension
[2019-06-25 14:36:33.993] [exthost] [info] ExtensionService#_doActivateExtension vscode.html-language-features {"startup":false,"activationEvent":"onLanguage:html"}
[2019-06-25 14:36:34.008] [exthost] [info] ExtensionService#loadCommonJSModule /usr/share/code/resources/app/extensions/html-language-features/client/dist/htmlMain
[2019-06-25 14:38:40.841] [exthost] [info] ExtensionService#_doActivateExtension vscode.configuration-editing {"startup":false,"activationEvent":"onLanguage:jsonc"}
[2019-06-25 14:38:40.841] [exthost] [info] ExtensionService#loadCommonJSModule /usr/share/code/resources/app/extensions/configuration-editing/dist/extension
[2019-06-25 14:38:40.908] [exthost] [info] ExtensionService#_doActivateExtension vscode.json-language-features {"startup":false,"activationEvent":"onLanguage:jsonc"}
[2019-06-25 14:38:40.910] [exthost] [info] ExtensionService#loadCommonJSModule /usr/share/code/resources/app/extensions/json-language-features/client/dist/jsonMain
[2019-06-25 14:38:42.120] [exthost] [info] ExtensionService#_doActivateExtension vscode.typescript-language-features {"startup":false,"activationEvent":"onLanguage:jsonc"}
[2019-06-25 14:38:42.123] [exthost] [info] ExtensionService#loadCommonJSModule /usr/share/code/resources/app/extensions/typescript-language-features/dist/extension
